2025-10-03 08:35:37 - Starting PSJ Google Sheets sync service...
2025-10-03 08:35:37 - Testing Google Sheets credentials...
2025-10-03 08:35:38 - ✅ Credential test passed!
2025-10-03 08:35:38 - Running sheet sync...
2025-10-03 08:35:46 - ❌ Sync failed! Check google_sheet_sync.log for details
2025-10-03 08:35:46 - Waiting 3600 seconds for next sync...
2025-10-03 08:36:49 - Starting PSJ Google Sheets sync service...
2025-10-03 08:36:49 - Testing Google Sheets credentials...
2025-10-03 08:36:51 - ✅ Credential test passed!
2025-10-03 08:36:51 - Running sheet sync...
2025-10-03 08:36:52 - ✅ Sync completed successfully
2025-10-03 08:36:52 - Waiting 3600 seconds for next sync...
2025-10-03 08:37:49 - Starting PSJ Google Sheets sync service...
2025-10-03 08:37:49 - Testing Google Sheets credentials...
2025-10-03 08:37:51 - ✅ Credential test passed!
2025-10-03 08:37:51 - Running sheet sync...
2025-10-03 08:37:52 - ✅ Sync completed successfully
2025-10-03 08:37:52 - Waiting 3600 seconds for next sync...
2025-10-03 08:53:18 - Starting PSJ Google Sheets sync service...
2025-10-03 08:53:18 - Testing Google Sheets credentials...
2025-10-03 08:53:20 - ✅ Credential test passed!
2025-10-03 08:53:20 - Running sheet sync...
2025-10-03 08:53:21 - ✅ Sync completed successfully
2025-10-03 08:53:21 - Waiting 3600 seconds for next sync...
